SF:lib/core/scenario.dart
DA:23,1
DA:49,1
DA:50,1
DA:51,4
DA:52,1
DA:53,1
DA:55,1
DA:64,1
DA:65,2
LF:9
LH:9
end_of_record
SF:lib/scenarios/array/array_filter.dart
DA:29,1
DA:42,0
DA:56,0
DA:83,1
DA:85,1
DA:86,1
DA:87,1
DA:88,1
DA:89,1
DA:90,1
DA:91,1
DA:92,0
DA:98,0
DA:100,0
DA:106,0
LF:15
LH:9
end_of_record
SF:lib/scenarios/concatenate/concatenate_filter.dart
DA:16,1
DA:35,1
DA:37,1
DA:38,1
DA:40,3
DA:41,1
DA:43,2
DA:48,2
DA:49,1
DA:53,1
DA:56,6
DA:57,2
DA:60,2
DA:61,1
DA:63,1
LF:15
LH:15
end_of_record
SF:lib/scenarios/json/json_filter.dart
DA:27,1
DA:40,1
DA:69,1
DA:71,3
DA:72,1
DA:73,1
DA:75,1
DA:76,1
DA:77,4
DA:78,1
DA:79,1
DA:80,1
DA:81,1
DA:84,1
DA:85,1
DA:86,0
DA:89,1
DA:91,1
DA:92,1
DA:93,1
DA:94,4
DA:95,1
DA:96,1
DA:97,1
DA:101,1
DA:103,2
DA:108,1
DA:110,1
DA:111,2
DA:112,1
DA:113,4
DA:114,1
DA:115,0
DA:116,1
DA:118,1
DA:123,1
DA:124,1
DA:125,2
DA:126,1
DA:127,1
DA:128,2
DA:129,1
DA:130,1
DA:131,2
DA:132,1
DA:133,1
DA:134,2
DA:138,0
DA:139,0
DA:140,0
DA:141,0
DA:143,0
DA:144,0
DA:145,0
DA:146,0
DA:147,0
DA:148,0
DA:149,0
DA:157,1
DA:158,3
DA:159,0
LF:61
LH:47
end_of_record
SF:lib/core/filter.dart
DA:22,1
LF:1
LH:1
end_of_record
SF:lib/core/scenario_result.dart
DA:21,1
DA:50,1
DA:52,1
DA:54,1
DA:55,1
DA:56,1
LF:6
LH:6
end_of_record
SF:lib/scenarios/array/extension/array_filter_extension.dart
DA:32,1
DA:33,1
DA:34,4
DA:35,1
DA:48,1
DA:49,1
DA:50,1
DA:60,1
DA:61,1
DA:62,1
DA:63,2
DA:65,1
LF:12
LH:12
end_of_record
SF:lib/scenarios/array/extension/number_aggregation_extension.dart
DA:31,0
DA:35,0
DA:38,0
DA:39,0
DA:40,0
DA:41,0
DA:42,0
DA:43,0
DA:44,0
DA:45,0
DA:46,0
DA:47,0
DA:48,0
DA:49,0
DA:50,0
DA:51,0
DA:52,0
DA:53,0
DA:54,0
DA:55,0
DA:70,0
DA:72,0
DA:73,0
DA:74,0
DA:78,0
DA:80,0
DA:81,0
DA:82,0
DA:85,0
DA:98,0
DA:100,0
DA:101,0
DA:102,0
DA:105,0
DA:106,0
DA:107,0
DA:108,0
DA:110,0
DA:111,0
DA:114,0
DA:128,0
DA:130,0
DA:131,0
DA:132,0
DA:135,0
DA:136,0
DA:137,0
DA:138,0
DA:140,0
DA:142,0
DA:143,0
DA:146,0
DA:158,0
DA:160,0
DA:161,0
DA:162,0
DA:165,0
DA:167,0
DA:168,0
DA:169,0
DA:171,0
DA:173,0
DA:174,0
DA:177,0
DA:188,0
DA:191,0
DA:192,0
DA:193,0
DA:197,0
DA:198,0
DA:201,0
DA:212,0
DA:215,0
DA:216,0
DA:217,0
DA:221,0
DA:222,0
DA:225,0
DA:236,0
DA:238,0
DA:239,0
DA:242,0
DA:243,0
DA:246,0
DA:256,0
DA:257,0
DA:258,0
DA:261,0
DA:272,0
DA:274,0
DA:275,0
DA:278,0
DA:279,0
DA:282,0
LF:94
LH:0
end_of_record
SF:lib/scenarios/array/extension/string_aggregation_extension.dart
DA:35,0
DA:39,0
DA:42,0
DA:43,0
DA:55,0
DA:56,0
DA:58,0
DA:59,0
DA:62,0
DA:63,0
DA:66,0
LF:11
LH:0
end_of_record
SF:lib/scenarios/json/json_filter_exception.dart
DA:12,0
DA:21,0
DA:22,0
DA:36,0
DA:45,0
DA:46,0
LF:6
LH:0
end_of_record
